<?xml version="1.0" encoding="utf-8"?><testsuites name="pytest tests"><testsuite name="pytest" errors="0" failures="0" skipped="0" tests="14" time="5.061" timestamp="2026-07-24T20:59:55.914735+00:00" hostname="agent-env-fe3a09fb-160d-4d81-b78a-ccaffaae61f9"><testcase classname="tests.test_admin" name="test_admin_endpoints_require_auth" time="0.378" /><testcase classname="tests.test_admin" name="test_admin_endpoints_forbidden_for_regular_user" time="0.441" /><testcase classname="tests.test_admin" name="test_admin_overview" time="0.536" /><testcase classname="tests.test_admin" name="test_admin_users_list" time="0.116" /><testcase classname="tests.test_admin" name="test_admin_users_search" time="0.107" /><testcase classname="tests.test_admin" name="test_admin_users_role_filter" time="0.109" /><testcase classname="tests.test_admin" name="test_master_cannot_be_patched" time="0.202" /><testcase classname="tests.test_admin" name="test_master_cannot_be_deleted" time="0.278" /><testcase classname="tests.test_admin" name="test_toggle_pro_on_regular_user" time="0.429" /><testcase classname="tests.test_admin" name="test_suspend_blocks_login_then_reactivate" time="0.960" /><testcase classname="tests.test_admin" name="test_register_and_delete_throwaway" time="0.632" /><testcase classname="tests.test_admin" name="test_demote_intermediary_then_restore" time="0.322" /><testcase classname="tests.test_admin" name="test_activity_log" time="0.108" /><testcase classname="tests.test_admin" name="test_activity_search_admin_email" time="0.110" /></testsuite></testsuites>