<?xml version="1.0" encoding="utf-8"?><testsuites name="pytest tests"><testsuite name="pytest" errors="0" failures="0" skipped="0" tests="6" time="7.878" timestamp="2026-07-24T21:38:23.303649+00:00" hostname="agent-env-fe3a09fb-160d-4d81-b78a-ccaffaae61f9"><testcase classname="tests.test_analytics_insights.TestUserAnalytics" name="test_generate_view_history_and_stats" time="1.118" /><testcase classname="tests.test_analytics_insights.TestIntermediaryAnalytics" name="test_my_intermediary_shape" time="0.723" /><testcase classname="tests.test_analytics_insights.TestIntermediaryAnalytics" name="test_my_intermediary_insights" time="6.133" /><testcase classname="tests.test_analytics_insights.TestUserAnalytics" name="test_user_insights" time="2.435" /><testcase classname="tests.test_analytics_insights.TestIntermediaryAnalytics" name="test_insights_forbidden_for_user" time="0.397" /><testcase classname="tests.test_analytics_insights.TestIntermediaryAnalytics" name="test_completeness_drops_when_bio_cleared_then_restored" time="0.302" /></testsuite></testsuites>