<?xml version="1.0" encoding="utf-8"?><testsuites name="pytest tests"><testsuite name="pytest" errors="0" failures="0" skipped="0" tests="20" time="8.013" timestamp="2026-07-19T17:25:29.775681+00:00" hostname="agent-env-fe3a09fb-160d-4d81-b78a-ccaffaae61f9"><testcase classname="tests.test_rui_api.TestAuth" name="test_register_and_login_new_user" time="1.087" /><testcase classname="tests.test_rui_api.TestSearch" name="test_search_default" time="0.973" /><testcase classname="tests.test_rui_api.TestSearch" name="test_search_by_name_rossi" time="0.159" /><testcase classname="tests.test_rui_api.TestAuth" name="test_login_wrong_password" time="0.384" /><testcase classname="tests.test_rui_api.TestSearch" name="test_search_section_filter" time="0.058" /><testcase classname="tests.test_rui_api.TestSearch" name="test_search_pagination" time="0.403" /><testcase classname="tests.test_rui_api.TestAuth" name="test_me_unauthenticated" time="0.109" /><testcase classname="tests.test_rui_api.TestPayments" name="test_pricing" time="0.111" /><testcase classname="tests.test_rui_api.TestSearch" name="test_no_mongo_object_id" time="0.116" /><testcase classname="tests.test_rui_api.TestPayments" name="test_checkout_allows_guest_but_no_user_id" time="0.591" /><testcase classname="tests.test_rui_api.TestIntermediary" name="test_intermediary_detail" time="0.691" /><testcase classname="tests.test_rui_api.TestIntermediary" name="test_intermediary_not_found" time="0.265" /><testcase classname="tests.test_rui_api.TestPayments" name="test_checkout_returns_stripe_url" time="0.848" /><testcase classname="tests.test_rui_api.TestHealth" name="test_api_root" time="0.463" /><testcase classname="tests.test_rui_api.TestMap" name="test_map_default" time="0.381" /><testcase classname="tests.test_rui_api.TestFreemium" name="test_guest_gets_402_after_limit" time="0.919" /><testcase classname="tests.test_rui_api.TestStats" name="test_stats" time="0.632" /><testcase classname="tests.test_rui_api.TestFreemium" name="test_authed_no_rate_limit" time="1.497" /><testcase classname="tests.test_rui_api.TestFilters" name="test_provinces" time="0.049" /><testcase classname="tests.test_rui_api.TestAI" name="test_ai_search" time="2.080" /></testsuite></testsuites>